matched prec thresh: 10, max len:2000000.0 adduct match: False in 290.2245439280523
total number of query spectra considered: 43561
total number of target spectra considered: 2000023
total inchicores seen: 1167
55 queries went unmatched
num true matches core: 547382 
num true matches key: 528434 
matched prec thresh: 10, max len:2000000.0 adduct match: False in 294.43103777593933
total number of query spectra considered: 46036
total number of target spectra considered: 2000070
total inchicores seen: 1233
31 queries went unmatched
num true matches core: 573208 
num true matches key: 555102 
matched prec thresh: 10, max len:2000000.0 adduct match: False in 283.67447514401283
total number of query spectra considered: 44101
total number of target spectra considered: 2000111
total inchicores seen: 1176
30 queries went unmatched
num true matches core: 554601 
num true matches key: 538923 
matched prec thresh: 10, max len:2000000.0 adduct match: False in 302.2373015129706
total number of query spectra considered: 44089
total number of target spectra considered: 2000001
total inchicores seen: 1184
31 queries went unmatched
num true matches core: 551762 
num true matches key: 529580 
matched prec thresh: 10, max len:2000000.0 adduct match: False in 283.28217378107365
total number of query spectra considered: 44535
total number of target spectra considered: 2000030
total inchicores seen: 1197
42 queries went unmatched
num true matches core: 564019 
num true matches key: 548343 
matched prec thresh: 10, max len:2000000.0 adduct match: False in 305.383819800918
total number of query spectra considered: 45388
total number of target spectra considered: 2000220
total inchicores seen: 1207
45 queries went unmatched
num true matches core: 564012 
num true matches key: 550220 
matched prec thresh: 10, max len:2000000.0 adduct match: False in 283.29185953200795
total number of query spectra considered: 46064
total number of target spectra considered: 2000045
total inchicores seen: 1249
51 queries went unmatched
num true matches core: 573051 
num true matches key: 559221 
matched prec thresh: 10, max len:2000000.0 adduct match: False in 273.3299219189212
total number of query spectra considered: 43985
total number of target spectra considered: 2000033
total inchicores seen: 1191
36 queries went unmatched
num true matches core: 558737 
num true matches key: 538994 
matched prec thresh: 10, max len:2000000.0 adduct match: False in 271.04171017499175
total number of query spectra considered: 43200
total number of target spectra considered: 2000042
total inchicores seen: 1125
34 queries went unmatched
num true matches core: 539868 
num true matches key: 521880 
matched prec thresh: 10, max len:2000000.0 adduct match: False in 268.52053877699655
total number of query spectra considered: 45048
total number of target spectra considered: 2000026
total inchicores seen: 1176
40 queries went unmatched
num true matches core: 568573 
num true matches key: 547751 
matched prec thresh: 10, max len:2000000.0 adduct match: False in 265.14467420597794
total number of query spectra considered: 44300
total number of target spectra considered: 2000058
total inchicores seen: 1233
47 queries went unmatched
num true matches core: 557942 
num true matches key: 537862 
matched prec thresh: 10, max len:2000000.0 adduct match: False in 260.38211649795994
total number of query spectra considered: 44441
total number of target spectra considered: 2000014
total inchicores seen: 1165
36 queries went unmatched
num true matches core: 550276 
num true matches key: 538906 
matched prec thresh: 10, max len:2000000.0 adduct match: False in 278.73951367405243
total number of query spectra considered: 45881
total number of target spectra considered: 2000006
total inchicores seen: 1231
36 queries went unmatched
num true matches core: 574270 
num true matches key: 557710 
matched prec thresh: 10, max len:2000000.0 adduct match: False in 273.316815531929
total number of query spectra considered: 43869
total number of target spectra considered: 2000070
total inchicores seen: 1135
46 queries went unmatched
num true matches core: 561504 
num true matches key: 543088 
matched prec thresh: 10, max len:2000000.0 adduct match: False in 272.46391518996097
total number of query spectra considered: 43877
total number of target spectra considered: 2000017
total inchicores seen: 1209
33 queries went unmatched
num true matches core: 537451 
num true matches key: 523268 
matched prec thresh: 10, max len:2000000.0 adduct match: False in 267.6598689869279
total number of query spectra considered: 42704
total number of target spectra considered: 2000007
total inchicores seen: 1130
53 queries went unmatched
num true matches core: 527928 
num true matches key: 519446 
matched prec thresh: 10, max len:2000000.0 adduct match: False in 273.11477956105955
total number of query spectra considered: 45439
total number of target spectra considered: 2000011
total inchicores seen: 1211
28 queries went unmatched
num true matches core: 572354 
num true matches key: 550136 
matched prec thresh: 10, max len:2000000.0 adduct match: False in 263.1910673639504
total number of query spectra considered: 45709
total number of target spectra considered: 2000081
total inchicores seen: 1243
35 queries went unmatched
num true matches core: 573316 
num true matches key: 554100 
matched prec thresh: 10, max len:2000000.0 adduct match: False in 268.2641021499876
total number of query spectra considered: 44287
total number of target spectra considered: 2000012
total inchicores seen: 1174
49 queries went unmatched
num true matches core: 563484 
num true matches key: 540674 
matched prec thresh: 10, max len:2000000.0 adduct match: False in 269.95294180489145
total number of query spectra considered: 44604
total number of target spectra considered: 2000058
total inchicores seen: 1208
32 queries went unmatched
num true matches core: 556131 
num true matches key: 536453 
matched prec thresh: 10, max len:2000000.0 adduct match: False in 259.21850630408153
total number of query spectra considered: 44499
total number of target spectra considered: 2000029
total inchicores seen: 1188
24 queries went unmatched
num true matches core: 554404 
num true matches key: 543826 
