[32m2026-03-24 13:06:11 -0400[0m - dagster - [34mDEBUG[0m - __ASSET_JOB - fabbbf8f-4f80-4b03-926f-100367ccd5f4 - 1090 - LOGS_CAPTURED - Started capturing logs in process (pid: 1090).
[32m2026-03-24 13:06:11 -0400[0m - dagster - [34mDEBUG[0m - __ASSET_JOB - fabbbf8f-4f80-4b03-926f-100367ccd5f4 - 1090 - training_datasets - STEP_START - Started execution of step "training_datasets".
[32m2026-03-24 13:06:12 -0400[0m - dagster - [34mINFO[0m - __ASSET_JOB - fabbbf8f-4f80-4b03-926f-100367ccd5f4 - training_datasets - Config archived to /Users/jonahpoczobutt/projects/TunaRes/pipeline_output/training_datasets
[32m2026-03-24 19:44:57 -0400[0m - dagster - [34mERROR[0m - [31m__ASSET_JOB - fabbbf8f-4f80-4b03-926f-100367ccd5f4 - 1090 - training_datasets - STEP_FAILURE - Execution of step "training_datasets" failed.

dagster._core.errors.DagsterExecutionInterruptedError

Stack Trace:
  File "/Users/jonahpoczobutt/anaconda3/envs/TunaSim/lib/python3.13/site-packages/dagster/_core/execution/plan/execute_plan.py", line 247, in dagster_event_sequence_for_step
    yield from check.generator(step_events)
  File "/Users/jonahpoczobutt/anaconda3/envs/TunaSim/lib/python3.13/site-packages/dagster/_core/execution/plan/execute_step.py", line 505, in core_dagster_event_sequence_for_step
    for user_event in _step_output_error_checked_user_event_sequence(
                      ~~~~~~~~~~~~~~~~~~~~~~~~~~~~~~~~~~~~~~~~~~~~~~^
        step_context,
        ^^^^^^^^^^^^^
        _process_asset_results_to_events(step_context, user_event_sequence),
        ^^^^^^^^^^^^^^^^^^^^^^^^^^^^^^^^^^^^^^^^^^^^^^^^^^^^^^^^^^^^^^^^^^^^
    ):
    ^
  File "/Users/jonahpoczobutt/anaconda3/envs/TunaSim/lib/python3.13/site-packages/dagster/_core/execution/plan/execute_step.py", line 184, in _step_output_error_checked_user_event_sequence
    for user_event in user_event_sequence:
                      ^^^^^^^^^^^^^^^^^^^
  File "/Users/jonahpoczobutt/anaconda3/envs/TunaSim/lib/python3.13/site-packages/dagster/_core/execution/plan/execute_step.py", line 88, in _process_asset_results_to_events
    for user_event in user_event_sequence:
                      ^^^^^^^^^^^^^^^^^^^
  File "/Users/jonahpoczobutt/anaconda3/envs/TunaSim/lib/python3.13/site-packages/dagster/_core/execution/plan/compute.py", line 188, in execute_core_compute
    for step_output in _yield_compute_results(step_context, inputs, compute_fn, compute_context):
                       ~~~~~~~~~~~~~~~~~~~~~~^^^^^^^^^^^^^^^^^^^^^^^^^^^^^^^^^^^^^^^^^^^^^^^^^^^
  File "/Users/jonahpoczobutt/anaconda3/envs/TunaSim/lib/python3.13/site-packages/dagster/_core/execution/plan/compute.py", line 157, in _yield_compute_results
    for event in iterate_with_context(
                 ~~~~~~~~~~~~~~~~~~~~^
        lambda: op_execution_error_boundary(
        ^^^^^^^^^^^^^^^^^^^^^^^^^^^^^^^^^^^^
    ...<7 lines>...
        user_event_generator,
        ^^^^^^^^^^^^^^^^^^^^^
    ):
    ^
  File "/Users/jonahpoczobutt/anaconda3/envs/TunaSim/lib/python3.13/site-packages/dagster/_utils/__init__.py", line 394, in iterate_with_context
    next_output = next(iterator)
  File "/Users/jonahpoczobutt/anaconda3/envs/TunaSim/lib/python3.13/site-packages/dagster/_core/execution/plan/compute_generator.py", line 135, in _coerce_op_compute_fn_to_iterator
    result = invoke_compute_fn(
        fn, context, kwargs, context_arg_provided, config_arg_class, resource_arg_mapping
    )
  File "/Users/jonahpoczobutt/anaconda3/envs/TunaSim/lib/python3.13/site-packages/dagster/_core/execution/plan/compute_generator.py", line 115, in invoke_compute_fn
    return fn(context, **args_to_pass) if context_arg_provided else fn(**args_to_pass)
           ~~^^^^^^^^^^^^^^^^^^^^^^^^^
  File "/Users/jonahpoczobutt/projects/TunaSim/src/dagster_pipeline/assets.py", line 205, in training_datasets
    builder.break_datasets()
    ~~~~~~~~~~~~~~~~~~~~~~^^
  File "/Users/jonahpoczobutt/projects/TunaSim/src/TunaSimNetwork/datasetBuilder.py", line 171, in break_datasets
    self.create_match_datasets()
    ~~~~~~~~~~~~~~~~~~~~~~~~~~^^
  File "/Users/jonahpoczobutt/projects/TunaSim/src/TunaSimNetwork/datasetBuilder.py", line 135, in create_match_datasets
    self.create_matches_df(query,
    ~~~~~~~~~~~~~~~~~~~~~~^^^^^^^
                            target,
                            ^^^^^^^
                            self.dataset_max_sizes[dataset],
                            ^^^^^^^^^^^^^^^^^^^^^^^^^^^^^^^^
                            f'{self.outputs_directory}/matched/{dataset}.pkl')
                            ^^^^^^^^^^^^^^^^^^^^^^^^^^^^^^^^^^^^^^^^^^^^^^^^^^
  File "/Users/jonahpoczobutt/projects/TunaSim/src/TunaSimNetwork/datasetBuilder.py", line 284, in create_matches_df
    query_matched, target_matched = trainSetBuilder.match_spectra(spectrum.astype(np.float64),
                                    ~~~~~~~~~~~~~~~~~~~~~~~~~~~~~^^^^^^^^^^^^^^^^^^^^^^^^^^^^^
                                            target.astype(np.float64),
                                            ^^^^^^^^^^^^^^^^^^^^^^^^^^
                                            tolerance = self.tolerance,
                                            ^^^^^^^^^^^^^^^^^^^^^^^^^^^
                                            units_ppm = self.units_ppm)
                                            ^^^^^^^^^^^^^^^^^^^^^^^^^^^
  File "/Users/jonahpoczobutt/projects/TunaSim/src/TunaSimNetwork/datasetBuilder.py", line 405, in match_spectra
    sort_indices = np.argsort(scores)
  File "/Users/jonahpoczobutt/anaconda3/envs/TunaSim/lib/python3.13/site-packages/numpy/_core/fromnumeric.py", line 1242, in argsort
    return _wrapfunc(
        a, 'argsort', axis=axis, kind=kind, order=order, stable=stable
    )
  File "/Users/jonahpoczobutt/anaconda3/envs/TunaSim/lib/python3.13/site-packages/numpy/_core/fromnumeric.py", line 57, in _wrapfunc
    return bound(*args, **kwds)
  File "/Users/jonahpoczobutt/anaconda3/envs/TunaSim/lib/python3.13/site-packages/dagster/_utils/interrupts.py", line 81, in _new_signal_handler
    raise error_cls()
[0m
