[32m2026-03-23 16:28:17 -0400[0m - dagster - [34mDEBUG[0m - __ASSET_JOB - 557372f4-020f-4690-8ab9-5fc360488b2a - 11648 - LOGS_CAPTURED - Started capturing logs in process (pid: 11648).
[32m2026-03-23 16:28:17 -0400[0m - dagster - [34mDEBUG[0m - __ASSET_JOB - 557372f4-020f-4690-8ab9-5fc360488b2a - 11648 - training_datasets - STEP_START - Started execution of step "training_datasets".
[32m2026-03-23 16:28:17 -0400[0m - dagster - [34mINFO[0m - __ASSET_JOB - 557372f4-020f-4690-8ab9-5fc360488b2a - training_datasets - Config archived to /Users/jonahpoczobutt/projects/TunaRes/pipeline_output/training_datasets
[32m2026-03-23 16:28:33 -0400[0m - dagster - [34mERROR[0m - [31m__ASSET_JOB - 557372f4-020f-4690-8ab9-5fc360488b2a - 11648 - training_datasets - STEP_FAILURE - Execution of step "training_datasets" failed.

dagster._core.errors.DagsterExecutionStepExecutionError: Error occurred while executing op "training_datasets"::

AttributeError: 'trainSetBuilder' object has no attribute 'fold_identity_maping'. Did you mean: 'fold_identity_mapping'?

Stack Trace:
  File "/Users/jonahpoczobutt/anaconda3/envs/TunaSim/lib/python3.13/site-packages/dagster/_core/execution/plan/utils.py", line 57, in op_execution_error_boundary
    yield
  File "/Users/jonahpoczobutt/anaconda3/envs/TunaSim/lib/python3.13/site-packages/dagster/_utils/__init__.py", line 394, in iterate_with_context
    next_output = next(iterator)
  File "/Users/jonahpoczobutt/anaconda3/envs/TunaSim/lib/python3.13/site-packages/dagster/_core/execution/plan/compute_generator.py", line 135, in _coerce_op_compute_fn_to_iterator
    result = invoke_compute_fn(
        fn, context, kwargs, context_arg_provided, config_arg_class, resource_arg_mapping
    )
  File "/Users/jonahpoczobutt/anaconda3/envs/TunaSim/lib/python3.13/site-packages/dagster/_core/execution/plan/compute_generator.py", line 115, in invoke_compute_fn
    return fn(context, **args_to_pass) if context_arg_provided else fn(**args_to_pass)
           ~~^^^^^^^^^^^^^^^^^^^^^^^^^
  File "/Users/jonahpoczobutt/projects/TunaSim/src/dagster_pipeline/assets.py", line 199, in training_datasets
    builder.break_datasets()
    ~~~~~~~~~~~~~~~~~~~~~~^^
  File "/Users/jonahpoczobutt/projects/TunaSim/src/TunaSimNetwork/datasetBuilder.py", line 156, in break_datasets
    self.create_and_write_sub_dfs('target',
    ~~~~~~~~~~~~~~~~~~~~~~~~~~~~~^^^^^^^^^^
                                  target)
                                  ^^^^^^^
  File "/Users/jonahpoczobutt/projects/TunaSim/src/TunaSimNetwork/datasetBuilder.py", line 178, in create_and_write_sub_dfs
    fold_names = list(self.fold_identity_maping.keys())
                      ^^^^^^^^^^^^^^^^^^^^^^^^^
[0m
