[32m2026-03-11 10:41:21 -0400[0m - dagster - [34mDEBUG[0m - __ASSET_JOB - 92831ca8-fa3e-40f8-9abe-ad27eeef7877 - 7015 - LOGS_CAPTURED - Started capturing logs in process (pid: 7015).
[32m2026-03-11 10:41:21 -0400[0m - dagster - [34mDEBUG[0m - __ASSET_JOB - 92831ca8-fa3e-40f8-9abe-ad27eeef7877 - 7015 - mces_database - STEP_START - Started execution of step "mces_database".
[32m2026-03-11 10:41:26 -0400[0m - dagster - [34mINFO[0m - __ASSET_JOB - 92831ca8-fa3e-40f8-9abe-ad27eeef7877 - mces_database - Config archived to /Users/jonahpoczobutt/projects/TunaRes/pipeline_output/mces_database
[32m2026-03-11 10:41:26 -0400[0m - dagster - [34mINFO[0m - __ASSET_JOB - 92831ca8-fa3e-40f8-9abe-ad27eeef7877 - mces_database - Loaded 55552 compounds from combined dataset
[32m2026-03-11 10:41:26 -0400[0m - dagster - [34mINFO[0m - __ASSET_JOB - 92831ca8-fa3e-40f8-9abe-ad27eeef7877 - mces_database - Starting pairwise MCES computation (55552 compounds, 4 workers)
Traceback (most recent call last):
  File "/Users/jonahpoczobutt/anaconda3/envs/TunaSim/lib/python3.13/multiprocessing/resource_tracker.py", line 371, in main
    raise ValueError(
        f'Cannot register {name} for automatic cleanup: '
        f'unknown resource type {rtype}')
ValueError: Cannot register /var/folders/5m/x744wd9118v_slyjdnmgqr0r0000gn/T/joblib_memmapping_folder_7015_e31307b099c84eccb1382cd9083add0d_e7c7968726e44ef0a6d644748f092995 for automatic cleanup: unknown resource type folder
Traceback (most recent call last):
  File "/Users/jonahpoczobutt/anaconda3/envs/TunaSim/lib/python3.13/multiprocessing/resource_tracker.py", line 371, in main
    raise ValueError(
        f'Cannot register {name} for automatic cleanup: '
        f'unknown resource type {rtype}')
ValueError: Cannot register /loky-7015-zx_j_1kq for automatic cleanup: unknown resource type semlock
Traceback (most recent call last):
  File "/Users/jonahpoczobutt/anaconda3/envs/TunaSim/lib/python3.13/multiprocessing/resource_tracker.py", line 371, in main
    raise ValueError(
        f'Cannot register {name} for automatic cleanup: '
        f'unknown resource type {rtype}')
ValueError: Cannot register /loky-7015-yvw5lc3_ for automatic cleanup: unknown resource type semlock
Traceback (most recent call last):
  File "/Users/jonahpoczobutt/anaconda3/envs/TunaSim/lib/python3.13/multiprocessing/resource_tracker.py", line 371, in main
    raise ValueError(
        f'Cannot register {name} for automatic cleanup: '
        f'unknown resource type {rtype}')
ValueError: Cannot register /loky-7015-ub4mavlr for automatic cleanup: unknown resource type semlock
Traceback (most recent call last):
  File "/Users/jonahpoczobutt/anaconda3/envs/TunaSim/lib/python3.13/multiprocessing/resource_tracker.py", line 371, in main
    raise ValueError(
        f'Cannot register {name} for automatic cleanup: '
        f'unknown resource type {rtype}')
ValueError: Cannot register /loky-7015-w3ulzp6b for automatic cleanup: unknown resource type semlock
Traceback (most recent call last):
  File "/Users/jonahpoczobutt/anaconda3/envs/TunaSim/lib/python3.13/multiprocessing/resource_tracker.py", line 371, in main
    raise ValueError(
        f'Cannot register {name} for automatic cleanup: '
        f'unknown resource type {rtype}')
ValueError: Cannot register /loky-7015-nr1a3_gr for automatic cleanup: unknown resource type semlock
Traceback (most recent call last):
  File "/Users/jonahpoczobutt/anaconda3/envs/TunaSim/lib/python3.13/multiprocessing/resource_tracker.py", line 371, in main
    raise ValueError(
        f'Cannot register {name} for automatic cleanup: '
        f'unknown resource type {rtype}')
ValueError: Cannot register /loky-7015-c2jve6hk for automatic cleanup: unknown resource type semlock
Traceback (most recent call last):
  File "/Users/jonahpoczobutt/anaconda3/envs/TunaSim/lib/python3.13/multiprocessing/resource_tracker.py", line 371, in main
    raise ValueError(
        f'Cannot register {name} for automatic cleanup: '
        f'unknown resource type {rtype}')
ValueError: Cannot register /var/folders/5m/x744wd9118v_slyjdnmgqr0r0000gn/T/joblib_memmapping_folder_7015_e31307b099c84eccb1382cd9083add0d_992bb061010c427891a672de3edf17ba for automatic cleanup: unknown resource type folder
Traceback (most recent call last):
  File "/Users/jonahpoczobutt/anaconda3/envs/TunaSim/lib/python3.13/multiprocessing/resource_tracker.py", line 371, in main
    raise ValueError(
        f'Cannot register {name} for automatic cleanup: '
        f'unknown resource type {rtype}')
ValueError: Cannot register /loky-7015-tad2qj_4 for automatic cleanup: unknown resource type semlock
Traceback (most recent call last):
  File "/Users/jonahpoczobutt/anaconda3/envs/TunaSim/lib/python3.13/multiprocessing/resource_tracker.py", line 371, in main
    raise ValueError(
        f'Cannot register {name} for automatic cleanup: '
        f'unknown resource type {rtype}')
ValueError: Cannot register /loky-7015-3oxdv2kb for automatic cleanup: unknown resource type semlock
Traceback (most recent call last):
  File "/Users/jonahpoczobutt/anaconda3/envs/TunaSim/lib/python3.13/multiprocessing/resource_tracker.py", line 371, in main
    raise ValueError(
        f'Cannot register {name} for automatic cleanup: '
        f'unknown resource type {rtype}')
ValueError: Cannot register /loky-7015-uv6dy8kl for automatic cleanup: unknown resource type semlock
Traceback (most recent call last):
  File "/Users/jonahpoczobutt/anaconda3/envs/TunaSim/lib/python3.13/multiprocessing/resource_tracker.py", line 371, in main
    raise ValueError(
        f'Cannot register {name} for automatic cleanup: '
        f'unknown resource type {rtype}')
ValueError: Cannot register /loky-7015-8aaqr2yc for automatic cleanup: unknown resource type semlock
[32m2026-03-11 10:46:31 -0400[0m - dagster - [34mERROR[0m - [31m__ASSET_JOB - 92831ca8-fa3e-40f8-9abe-ad27eeef7877 - 7015 - mces_database - STEP_FAILURE - Execution of step "mces_database" failed.

dagster._core.errors.DagsterExecutionStepExecutionError: Error occurred while executing op "mces_database"::

ValueError: not enough values to unpack (expected 3, got 2)

Stack Trace:
  File "/Users/jonahpoczobutt/anaconda3/envs/TunaSim/lib/python3.13/site-packages/dagster/_core/execution/plan/utils.py", line 57, in op_execution_error_boundary
    yield
  File "/Users/jonahpoczobutt/anaconda3/envs/TunaSim/lib/python3.13/site-packages/dagster/_utils/__init__.py", line 394, in iterate_with_context
    next_output = next(iterator)
  File "/Users/jonahpoczobutt/anaconda3/envs/TunaSim/lib/python3.13/site-packages/dagster/_core/execution/plan/compute_generator.py", line 135, in _coerce_op_compute_fn_to_iterator
    result = invoke_compute_fn(
        fn, context, kwargs, context_arg_provided, config_arg_class, resource_arg_mapping
    )
  File "/Users/jonahpoczobutt/anaconda3/envs/TunaSim/lib/python3.13/site-packages/dagster/_core/execution/plan/compute_generator.py", line 115, in invoke_compute_fn
    return fn(context, **args_to_pass) if context_arg_provided else fn(**args_to_pass)
           ~~^^^^^^^^^^^^^^^^^^^^^^^^^
  File "/Users/jonahpoczobutt/projects/TunaSim/src/dagster_pipeline/assets.py", line 110, in mces_database
    folder.batch_sim_generation(
    ~~~~~~~~~~~~~~~~~~~~~~~~~~~^
        inchikey_bases=inchikey_bases,
        ^^^^^^^^^^^^^^^^^^^^^^^^^^^^^^
        inchis=inchis,
        ^^^^^^^^^^^^^^
        mzs=inchikey_bases,  # calc_sim_bounds uses this as inchikey_bases for identity check
        ^^^^^^^^^^^^^^^^^^^^^^^^^^^^^^^^^^^^^^^^^^^^^^^^^^^^^^^^^^^^^^^^^^^^^^^^^^^^^^^^^^^^^
    )
    ^
  File "/Users/jonahpoczobutt/projects/TunaSim/src/TunaSimNetwork/datasetBuilder.py", line 951, in batch_sim_generation
    raise e
  File "/Users/jonahpoczobutt/projects/TunaSim/src/TunaSimNetwork/datasetBuilder.py", line 939, in batch_sim_generation
    for sim, mz, errors in results:
        ^^^^^^^^^^^^^^^
[0m
Traceback (most recent call last):
  File "/Users/jonahpoczobutt/anaconda3/envs/TunaSim/lib/python3.13/multiprocessing/resource_tracker.py", line 371, in main
    raise ValueError(
        f'Cannot register {name} for automatic cleanup: '
        f'unknown resource type {rtype}')
ValueError: Cannot register /loky-7015-8aaqr2yc for automatic cleanup: unknown resource type semlock
Traceback (most recent call last):
  File "/Users/jonahpoczobutt/anaconda3/envs/TunaSim/lib/python3.13/multiprocessing/resource_tracker.py", line 371, in main
    raise ValueError(
        f'Cannot register {name} for automatic cleanup: '
        f'unknown resource type {rtype}')
ValueError: Cannot register /loky-7015-uv6dy8kl for automatic cleanup: unknown resource type semlock
Traceback (most recent call last):
  File "/Users/jonahpoczobutt/anaconda3/envs/TunaSim/lib/python3.13/multiprocessing/resource_tracker.py", line 371, in main
    raise ValueError(
        f'Cannot register {name} for automatic cleanup: '
        f'unknown resource type {rtype}')
ValueError: Cannot register /loky-7015-3oxdv2kb for automatic cleanup: unknown resource type semlock
Traceback (most recent call last):
  File "/Users/jonahpoczobutt/anaconda3/envs/TunaSim/lib/python3.13/multiprocessing/resource_tracker.py", line 371, in main
    raise ValueError(
        f'Cannot register {name} for automatic cleanup: '
        f'unknown resource type {rtype}')
ValueError: Cannot register /loky-7015-tad2qj_4 for automatic cleanup: unknown resource type semlock
Traceback (most recent call last):
  File "/Users/jonahpoczobutt/anaconda3/envs/TunaSim/lib/python3.13/multiprocessing/resource_tracker.py", line 371, in main
    raise ValueError(
        f'Cannot register {name} for automatic cleanup: '
        f'unknown resource type {rtype}')
ValueError: Cannot register /var/folders/5m/x744wd9118v_slyjdnmgqr0r0000gn/T/joblib_memmapping_folder_7015_e31307b099c84eccb1382cd9083add0d_992bb061010c427891a672de3edf17ba for automatic cleanup: unknown resource type folder
Traceback (most recent call last):
  File "/Users/jonahpoczobutt/anaconda3/envs/TunaSim/lib/python3.13/multiprocessing/resource_tracker.py", line 371, in main
    raise ValueError(
        f'Cannot register {name} for automatic cleanup: '
        f'unknown resource type {rtype}')
ValueError: Cannot register /var/folders/5m/x744wd9118v_slyjdnmgqr0r0000gn/T/joblib_memmapping_folder_7015_e31307b099c84eccb1382cd9083add0d_e7c7968726e44ef0a6d644748f092995 for automatic cleanup: unknown resource type folder
Traceback (most recent call last):
  File "/Users/jonahpoczobutt/anaconda3/envs/TunaSim/lib/python3.13/multiprocessing/resource_tracker.py", line 371, in main
    raise ValueError(
        f'Cannot register {name} for automatic cleanup: '
        f'unknown resource type {rtype}')
ValueError: Cannot register /loky-7015-c2jve6hk for automatic cleanup: unknown resource type semlock
Traceback (most recent call last):
  File "/Users/jonahpoczobutt/anaconda3/envs/TunaSim/lib/python3.13/multiprocessing/resource_tracker.py", line 371, in main
    raise ValueError(
        f'Cannot register {name} for automatic cleanup: '
        f'unknown resource type {rtype}')
ValueError: Cannot register /loky-7015-nr1a3_gr for automatic cleanup: unknown resource type semlock
Traceback (most recent call last):
  File "/Users/jonahpoczobutt/anaconda3/envs/TunaSim/lib/python3.13/multiprocessing/resource_tracker.py", line 371, in main
    raise ValueError(
        f'Cannot register {name} for automatic cleanup: '
        f'unknown resource type {rtype}')
ValueError: Cannot register /loky-7015-w3ulzp6b for automatic cleanup: unknown resource type semlock
Traceback (most recent call last):
  File "/Users/jonahpoczobutt/anaconda3/envs/TunaSim/lib/python3.13/multiprocessing/resource_tracker.py", line 371, in main
    raise ValueError(
        f'Cannot register {name} for automatic cleanup: '
        f'unknown resource type {rtype}')
ValueError: Cannot register /loky-7015-ub4mavlr for automatic cleanup: unknown resource type semlock
Traceback (most recent call last):
  File "/Users/jonahpoczobutt/anaconda3/envs/TunaSim/lib/python3.13/multiprocessing/resource_tracker.py", line 371, in main
    raise ValueError(
        f'Cannot register {name} for automatic cleanup: '
        f'unknown resource type {rtype}')
ValueError: Cannot register /loky-7015-yvw5lc3_ for automatic cleanup: unknown resource type semlock
Traceback (most recent call last):
  File "/Users/jonahpoczobutt/anaconda3/envs/TunaSim/lib/python3.13/multiprocessing/resource_tracker.py", line 371, in main
    raise ValueError(
        f'Cannot register {name} for automatic cleanup: '
        f'unknown resource type {rtype}')
ValueError: Cannot register /loky-7015-zx_j_1kq for automatic cleanup: unknown resource type semlock
