[32m2026-03-23 16:29:07 -0400[0m - dagster - [34mDEBUG[0m - __ASSET_JOB - e0614a54-67f4-43f9-9fe9-d90956973a51 - 11670 - LOGS_CAPTURED - Started capturing logs in process (pid: 11670).
[32m2026-03-23 16:29:07 -0400[0m - dagster - [34mDEBUG[0m - __ASSET_JOB - e0614a54-67f4-43f9-9fe9-d90956973a51 - 11670 - training_datasets - STEP_START - Started execution of step "training_datasets".
[32m2026-03-23 16:29:08 -0400[0m - dagster - [34mINFO[0m - __ASSET_JOB - e0614a54-67f4-43f9-9fe9-d90956973a51 - training_datasets - Config archived to /Users/jonahpoczobutt/projects/TunaRes/pipeline_output/training_datasets
[32m2026-03-23 16:29:33 -0400[0m - dagster - [34mERROR[0m - [31m__ASSET_JOB - e0614a54-67f4-43f9-9fe9-d90956973a51 - 11670 - training_datasets - STEP_FAILURE - Execution of step "training_datasets" failed.

dagster._core.errors.DagsterExecutionStepExecutionError: Error occurred while executing op "training_datasets"::

FileNotFoundError: [Errno 2] No such file or directory: '/Users/jonahpoczobutt/projects/TunaRes/pipeline_output/training_datasets/raw/query/train.pkl'

Stack Trace:
  File "/Users/jonahpoczobutt/anaconda3/envs/TunaSim/lib/python3.13/site-packages/dagster/_core/execution/plan/utils.py", line 57, in op_execution_error_boundary
    yield
  File "/Users/jonahpoczobutt/anaconda3/envs/TunaSim/lib/python3.13/site-packages/dagster/_utils/__init__.py", line 394, in iterate_with_context
    next_output = next(iterator)
  File "/Users/jonahpoczobutt/anaconda3/envs/TunaSim/lib/python3.13/site-packages/dagster/_core/execution/plan/compute_generator.py", line 135, in _coerce_op_compute_fn_to_iterator
    result = invoke_compute_fn(
        fn, context, kwargs, context_arg_provided, config_arg_class, resource_arg_mapping
    )
  File "/Users/jonahpoczobutt/anaconda3/envs/TunaSim/lib/python3.13/site-packages/dagster/_core/execution/plan/compute_generator.py", line 115, in invoke_compute_fn
    return fn(context, **args_to_pass) if context_arg_provided else fn(**args_to_pass)
           ~~^^^^^^^^^^^^^^^^^^^^^^^^^
  File "/Users/jonahpoczobutt/projects/TunaSim/src/dagster_pipeline/assets.py", line 199, in training_datasets
    builder.break_datasets()
    ~~~~~~~~~~~~~~~~~~~~~~^^
  File "/Users/jonahpoczobutt/projects/TunaSim/src/TunaSimNetwork/datasetBuilder.py", line 171, in break_datasets
    self.create_match_datasets()
    ~~~~~~~~~~~~~~~~~~~~~~~~~~^^
  File "/Users/jonahpoczobutt/projects/TunaSim/src/TunaSimNetwork/datasetBuilder.py", line 129, in create_match_datasets
    query = pd.read_pickle(f'{self.outputs_directory}/raw/query/{dataset}.pkl')
  File "/Users/jonahpoczobutt/anaconda3/envs/TunaSim/lib/python3.13/site-packages/pandas/io/pickle.py", line 185, in read_pickle
    with get_handle(
         ~~~~~~~~~~^
        filepath_or_buffer,
        ^^^^^^^^^^^^^^^^^^^
    ...<3 lines>...
        storage_options=storage_options,
        ^^^^^^^^^^^^^^^^^^^^^^^^^^^^^^^^
    ) as handles:
    ^
  File "/Users/jonahpoczobutt/anaconda3/envs/TunaSim/lib/python3.13/site-packages/pandas/io/common.py", line 882, in get_handle
    handle = open(handle, ioargs.mode)
[0m
