[32m2026-03-22 10:01:04 -0400[0m - dagster - [34mDEBUG[0m - __ASSET_JOB - 10cb218b-cf45-4f62-a45c-dd8bde49c2dc - 17769 - LOGS_CAPTURED - Started capturing logs in process (pid: 17769).
[32m2026-03-22 10:01:04 -0400[0m - dagster - [34mDEBUG[0m - __ASSET_JOB - 10cb218b-cf45-4f62-a45c-dd8bde49c2dc - 17769 - training_datasets - STEP_START - Started execution of step "training_datasets".
[32m2026-03-22 10:01:05 -0400[0m - dagster - [34mINFO[0m - __ASSET_JOB - 10cb218b-cf45-4f62-a45c-dd8bde49c2dc - training_datasets - Config archived to /Users/jonahpoczobutt/projects/TunaRes/pipeline_output/training_datasets
[32m2026-03-22 10:01:05 -0400[0m - dagster - [34mERROR[0m - [31m__ASSET_JOB - 10cb218b-cf45-4f62-a45c-dd8bde49c2dc - 17769 - training_datasets - STEP_FAILURE - Execution of step "training_datasets" failed.

dagster._core.errors.DagsterExecutionStepExecutionError: Error occurred while executing op "training_datasets"::

KeyError: 'inchi_base'

Stack Trace:
  File "/Users/jonahpoczobutt/anaconda3/envs/TunaSim/lib/python3.13/site-packages/dagster/_core/execution/plan/utils.py", line 57, in op_execution_error_boundary
    yield
  File "/Users/jonahpoczobutt/anaconda3/envs/TunaSim/lib/python3.13/site-packages/dagster/_utils/__init__.py", line 394, in iterate_with_context
    next_output = next(iterator)
  File "/Users/jonahpoczobutt/anaconda3/envs/TunaSim/lib/python3.13/site-packages/dagster/_core/execution/plan/compute_generator.py", line 135, in _coerce_op_compute_fn_to_iterator
    result = invoke_compute_fn(
        fn, context, kwargs, context_arg_provided, config_arg_class, resource_arg_mapping
    )
  File "/Users/jonahpoczobutt/anaconda3/envs/TunaSim/lib/python3.13/site-packages/dagster/_core/execution/plan/compute_generator.py", line 115, in invoke_compute_fn
    return fn(context, **args_to_pass) if context_arg_provided else fn(**args_to_pass)
           ~~^^^^^^^^^^^^^^^^^^^^^^^^^
  File "/Users/jonahpoczobutt/projects/TunaSim/src/dagster_pipeline/assets.py", line 198, in training_datasets
    builder.break_datasets()
    ~~~~~~~~~~~~~~~~~~~~~~^^
  File "/Users/jonahpoczobutt/projects/TunaSim/src/TunaSimNetwork/datasetBuilder.py", line 144, in break_datasets
    query_identities = set(query[self.identity_column])
                           ~~~~~^^^^^^^^^^^^^^^^^^^^^^
[0m
