[32m2026-03-10 22:54:27 -0400[0m - dagster - [34mDEBUG[0m - __ASSET_JOB - 15d42668-a0c4-474d-8f82-87add95f7ec1 - 2324 - LOGS_CAPTURED - Started capturing logs in process (pid: 2324).
[32m2026-03-10 22:54:27 -0400[0m - dagster - [34mDEBUG[0m - __ASSET_JOB - 15d42668-a0c4-474d-8f82-87add95f7ec1 - 2324 - retrieved_dataset - STEP_START - Started execution of step "retrieved_dataset".
[32m2026-03-10 22:54:35 -0400[0m - dagster - [34mINFO[0m - __ASSET_JOB - 15d42668-a0c4-474d-8f82-87add95f7ec1 - retrieved_dataset - Retrieving annotations for 58381 unique InChIKeys
[08:09:55] Cannot assign bond directions!
[08:09:55] Cannot assign bond directions!
[08:09:55] Cannot assign bond directions!
[08:09:55] Cannot assign bond directions!
[08:09:55] Cannot assign bond directions!
[08:09:55] Cannot assign bond directions!
[08:09:55] Cannot assign bond directions!
[08:09:55] Cannot assign bond directions!
[08:09:55] Cannot assign bond directions!
[08:09:55] Cannot assign bond directions!
[08:09:55] Cannot assign bond directions!
[08:09:55] Cannot assign bond directions!
[08:09:55] Cannot assign bond directions!
[08:09:55] Cannot assign bond directions!
[08:09:55] Cannot assign bond directions!
[08:09:55] Cannot assign bond directions!
[08:09:55] Cannot assign bond directions!
[08:09:55] Cannot assign bond directions!
[08:09:55] Cannot assign bond directions!
[08:09:55] Cannot assign bond directions!
[08:10:03] WARNING:  Problems/mismatches: Mobile-H( Hydrogens: Number; Mobile-H groups: Missing, Attachment points; Charge(s): Do not match)

[08:10:13] WARNING:  Problems/mismatches: Mobile-H( Hydrogens: Number; Mobile-H groups: Number; Charge(s): Do not match)

[32m2026-03-11 08:10:17 -0400[0m - dagster - [34mWARNING[0m - __ASSET_JOB - 15d42668-a0c4-474d-8f82-87add95f7ec1 - retrieved_dataset - 2829 keys failed retrieval
[32m2026-03-11 08:10:18 -0400[0m - dagster - [34mINFO[0m - __ASSET_JOB - 15d42668-a0c4-474d-8f82-87add95f7ec1 - retrieved_dataset - Saved retrieved dataset to /Users/jonahpoczobutt/projects/TunaRes/pipeline_output/retrieved_dataset/retrieved.csv
[32m2026-03-11 08:10:18 -0400[0m - dagster - [34mDEBUG[0m - __ASSET_JOB - 15d42668-a0c4-474d-8f82-87add95f7ec1 - 2324 - retrieved_dataset - STEP_OUTPUT - Yielded output "result" of type "Any". (Type check passed).
[32m2026-03-11 08:10:18 -0400[0m - dagster - [34mDEBUG[0m - __ASSET_JOB - 15d42668-a0c4-474d-8f82-87add95f7ec1 - retrieved_dataset - Writing file at: /Users/jonahpoczobutt/projects/TunaSim/src/.tmp_dagster_home_q9np2hf9/storage/retrieved_dataset using PickledObjectFilesystemIOManager...
[32m2026-03-11 08:10:18 -0400[0m - dagster - [34mDEBUG[0m - __ASSET_JOB - 15d42668-a0c4-474d-8f82-87add95f7ec1 - 2324 - retrieved_dataset - ASSET_MATERIALIZATION - Materialized value retrieved_dataset.
[32m2026-03-11 08:10:18 -0400[0m - dagster - [34mDEBUG[0m - __ASSET_JOB - 15d42668-a0c4-474d-8f82-87add95f7ec1 - 2324 - retrieved_dataset - HANDLED_OUTPUT - Handled output "result" using IO manager "io_manager"
[32m2026-03-11 08:10:18 -0400[0m - dagster - [34mDEBUG[0m - __ASSET_JOB - 15d42668-a0c4-474d-8f82-87add95f7ec1 - 2324 - retrieved_dataset - STEP_SUCCESS - Finished execution of step "retrieved_dataset" in 9h15m.
